[2025-08-06T23:50:26.135Z] [31MERROR[39M: Unauthorized, please log in
[2025-08-06T23:50:27.124Z] [31MERROR[39M: Refresh token not found
[2025-08-06T23:50:29.967Z] [31MERROR[39M: Unauthorized, please log in
[2025-08-06T23:50:30.344Z] [31MERROR[39M: Refresh token not found
[2025-08-06T23:54:09.865Z] [31MERROR[39M: Unauthorized, please log in
[2025-08-06T23:54:10.163Z] [31MERROR[39M: Refresh token not found
[2025-08-06T23:58:37.637Z] [31MERROR[39M: Unauthorized, please log in
[2025-08-06T23:58:38.605Z] [31MERROR[39M: Refresh token not found
[2025-08-07T00:00:32.254Z] [31MERROR[39M: Unauthorized, please log in
[2025-08-07T00:00:32.536Z] [31MERROR[39M: Refresh token not found
[2025-08-07T00:17:57.412Z] [31MERROR[39M: Invalid access token, please log in
[2025-08-07T00:17:58.774Z] [31MERROR[39M: Invalid access token, please log in
[2025-08-07T00:20:22.790Z] [31MERROR[39M: Invalid access token, please log in
[2025-08-07T00:20:23.483Z] [31MERROR[39M: Invalid access token, please log in
[2025-08-07T00:20:48.466Z] [31MERROR[39M: Invalid access token, please log in
[2025-08-07T00:20:49.152Z] [31MERROR[39M: Invalid access token, please log in
[2025-08-07T00:30:01.316Z] [31MERROR[39M: Invalid access token, please log in
[2025-08-07T00:30:05.371Z] [31MERROR[39M: Invalid access token, please log in
[2025-08-07T00:30:34.816Z] [31MERROR[39M: Invalid access token, please log in
[2025-08-07T00:30:35.630Z] [31MERROR[39M: Invalid access token, please log in
[2025-08-07T00:37:23.694Z] [31MERROR[39M: Invalid access token, please log in
[2025-08-07T00:37:25.544Z] [31MERROR[39M: Invalid access token, please log in
[2025-08-07T00:38:25.647Z] [31MERROR[39M: Invalid access token, please log in
[2025-08-07T00:38:26.834Z] [31MERROR[39M: Invalid access token, please log in
[2025-08-07T00:46:13.527Z] [31MERROR[39M: Invalid access token, please log in
[2025-08-07T00:46:14.328Z] [31MERROR[39M: Invalid access token, please log in
[2025-08-07T00:47:17.345Z] [31MERROR[39M: Invalid access token, please log in
[2025-08-07T00:47:18.892Z] [31MERROR[39M: Invalid access token, please log in
[2025-08-07T00:47:55.464Z] [31MERROR[39M: Invalid access token, please log in
[2025-08-07T00:47:56.160Z] [31MERROR[39M: Invalid access token, please log in
[2025-08-07T00:48:46.675Z] [31MERROR[39M: Invalid access token, please log in
[2025-08-07T00:48:47.444Z] [31MERROR[39M: Invalid access token, please log in
[2025-08-07T00:48:52.622Z] [31MERROR[39M: Invalid access token, please log in
[2025-08-07T00:48:53.257Z] [31MERROR[39M: Invalid access token, please log in
[2025-08-07T00:49:00.075Z] [31MERROR[39M: Invalid access token, please log in
[2025-08-07T00:49:00.670Z] [31MERROR[39M: Invalid access token, please log in
[2025-08-07T00:49:04.302Z] [31MERROR[39M: Invalid access token, please log in
[2025-08-07T00:49:04.983Z] [31MERROR[39M: Invalid access token, please log in
[2025-08-07T00:49:10.503Z] [31MERROR[39M: Invalid access token, please log in
[2025-08-07T00:49:11.091Z] [31MERROR[39M: Invalid access token, please log in
[2025-08-07T01:01:46.264Z] [31MERROR[39M: Unauthorized, please log in
[2025-08-07T01:01:46.321Z] [31MERROR[39M: Unauthorized, please log in
[2025-08-07T01:01:46.623Z] [31MERROR[39M: Refresh token not found
[2025-08-07T01:01:47.101Z] [31MERROR[39M: Refresh token not found
[2025-08-07T01:17:52.655Z] [31MERROR[39M: Invalid access token, please log in
[2025-08-07T01:17:54.640Z] [31MERROR[39M: Invalid access token, please log in
[2025-08-07T01:18:20.854Z] [31MERROR[39M: Invalid access token, please log in
[2025-08-07T01:18:21.491Z] [31MERROR[39M: Invalid access token, please log in
[2025-08-07T01:37:32.446Z] [31MERROR[39M: Unauthorized, please log in
[2025-08-07T01:37:32.783Z] [31MERROR[39M: Refresh token not found
[2025-08-07T01:43:50.160Z] [31MERROR[39M: Unauthorized, please log in
[2025-08-07T01:43:51.407Z] [31MERROR[39M: Refresh token not found
[2025-08-07T02:05:14.078Z] [31MERROR[39M: Unauthorized, please log in
[2025-08-07T02:05:14.312Z] [31MERROR[39M: Refresh token not found
[2025-08-07T02:05:46.518Z] [31MERROR[39M: Unauthorized, please log in
[2025-08-07T02:05:46.801Z] [31MERROR[39M: Refresh token not found
[2025-08-07T02:05:47.606Z] [31MERROR[39M: Callback URL not approved for this client application. Approved callback URLs can be adjusted in your application settings
[2025-08-07T02:20:39.642Z] [31MERROR[39M: Unauthorized, please log in
[2025-08-07T02:20:40.907Z] [31MERROR[39M: Refresh token not found
[2025-08-07T02:20:46.315Z] [31MERROR[39M: Unauthorized, please log in
[2025-08-07T02:20:46.552Z] [31MERROR[39M: Refresh token not found
[2025-08-07T02:20:50.515Z] [31MERROR[39M: Unauthorized, please log in
[2025-08-07T02:20:50.736Z] [31MERROR[39M: Refresh token not found
[2025-08-07T02:23:21.609Z] [31MERROR[39M: Unauthorized, please log in
[2025-08-07T02:23:21.902Z] [31MERROR[39M: Refresh token not found
[2025-08-07T02:23:27.869Z] [31MERROR[39M: Unauthorized, please log in
[2025-08-07T02:23:28.082Z] [31MERROR[39M: Refresh token not found
[2025-08-08T02:36:10.074Z] [31MERROR[39M: [GET] /api/v1/users/me - 401 - Invalid access token, please log in
[2025-08-08T02:36:11.167Z] [31MERROR[39M: [GET] /api/v1/users/me - 401 - Invalid access token, please log in
[2025-08-08T02:37:19.879Z] [31MERROR[39M: Invalid access token, please log in
[2025-08-08T02:37:20.321Z] [31MERROR[39M: Refresh token not found
[2025-08-08T03:23:08.203Z] [31MERROR[39M: Invalid access token, please log in
[2025-08-08T03:23:09.240Z] [31MERROR[39M: Invalid access token, please log in
[2025-08-08T03:23:11.187Z] [31MERROR[39M: Invalid access token, please log in
[2025-08-08T03:23:11.890Z] [31MERROR[39M: Invalid access token, please log in
[2025-08-08T03:23:41.923Z] [31MERROR[39M: Invalid access token, please log in
[2025-08-08T03:23:42.666Z] [31MERROR[39M: Invalid access token, please log in
