[2025-08-07T00:26:49.419Z] [31MERROR[39M: uncaughtException: тип Unable to compile TypeScript:
[96msrc/modules/product/graphql/resolver.ts[0m:[93m18[0m:[93m9[0m - [91merror[0m[90m TS2741: [0mProperty 'flags' is missing in type '{}' but required in type '{ search?: string | undefined; isNew?: boolean | undefined; isFeatured?: boolean | undefined; isTrending?: boolean | undefined; isBestSeller?: boolean | undefined; minPrice?: number | undefined; maxPrice?: number | undefined; categoryId?: string | undefined; flags: string[]; }'.

[7m18[0m         filters = {},
[7m  [0m [91m        ~~~~~~~[0m

  [96msrc/modules/product/graphql/resolver.ts[0m:[93m31[0m:[93m11[0m
    [7m31[0m           flags: string[];
    [7m  [0m [96m          ~~~~~[0m
    'flags' is declared here.

TSError: тип Unable to compile TypeScript:
[96msrc/modules/product/graphql/resolver.ts[0m:[93m18[0m:[93m9[0m - [91merror[0m[90m TS2741: [0mProperty 'flags' is missing in type '{}' but required in type '{ search?: string | undefined; isNew?: boolean | undefined; isFeatured?: boolean | undefined; isTrending?: boolean | undefined; isBestSeller?: boolean | undefined; minPrice?: number | undefined; maxPrice?: number | undefined; categoryId?: string | undefined; flags: string[]; }'.

[7m18[0m         filters = {},
[7m  [0m [91m        ~~~~~~~[0m

  [96msrc/modules/product/graphql/resolver.ts[0m:[93m31[0m:[93m11[0m
    [7m31[0m           flags: string[];
    [7m  [0m [96m          ~~~~~[0m
    'flags' is declared here.

    at createTSError (/home/abdelrahman_aboalkhair/Dev/workspace/ss-ecommerce/src/server/node_modules/ts-node/src/index.ts:859:12)
    at reportTSError (/home/abdelrahman_aboalkhair/Dev/workspace/ss-ecommerce/src/server/node_modules/ts-node/src/index.ts:863:19)
    at getOutput (/home/abdelrahman_aboalkhair/Dev/workspace/ss-ecommerce/src/server/node_modules/ts-node/src/index.ts:1077:36)
    at Object.compile (/home/abdelrahman_aboalkhair/Dev/workspace/ss-ecommerce/src/server/node_modules/ts-node/src/index.ts:1433:41)
    at Module.m._compile (/home/abdelrahman_aboalkhair/Dev/workspace/ss-ecommerce/src/server/node_modules/ts-node/src/index.ts:1617:30)
    at node:internal/modules/cjs/loader:1895:10
    at Object.require.extensions.<computed> [as .ts] (/home/abdelrahman_aboalkhair/Dev/workspace/ss-ecommerce/src/server/node_modules/ts-node/src/index.ts:1621:12)
    at Module.load (node:internal/modules/cjs/loader:1465:32)
    at Function._load (node:internal/modules/cjs/loader:1282:12)
    at TracingChannel.traceSync (node:diagnostics_channel:322:14)
    at wrapModuleLoad (node:internal/modules/cjs/loader:235:24)
    at Module.require (node:internal/modules/cjs/loader:1487:12)
    at require (node:internal/modules/helpers:135:16)
    at Object.<anonymous> (/home/abdelrahman_aboalkhair/Dev/workspace/ss-ecommerce/src/server/src/modules/product/graphql/schema.ts:3:1)
    at Module._compile (node:internal/modules/cjs/loader:1730:14)
    at Module.m._compile (/home/abdelrahman_aboalkhair/Dev/workspace/ss-ecommerce/src/server/node_modules/ts-node/src/index.ts:1618:23)
[2025-08-07T00:27:08.834Z] [31MERROR[39M: uncaughtException: тип Unable to compile TypeScript:
[96msrc/modules/product/graphql/resolver.ts[0m:[93m18[0m:[93m9[0m - [91merror[0m[90m TS2741: [0mProperty 'flags' is missing in type '{}' but required in type '{ search?: string | undefined; isNew?: boolean | undefined; isFeatured?: boolean | undefined; isTrending?: boolean | undefined; isBestSeller?: boolean | undefined; minPrice?: number | undefined; maxPrice?: number | undefined; categoryId?: string | undefined; flags: string[]; }'.

[7m18[0m         filters = {},
[7m  [0m [91m        ~~~~~~~[0m

  [96msrc/modules/product/graphql/resolver.ts[0m:[93m31[0m:[93m11[0m
    [7m31[0m           flags: string[];
    [7m  [0m [96m          ~~~~~[0m
    'flags' is declared here.
[96msrc/modules/product/graphql/resolver.ts[0m:[93m96[0m:[93m14[0m - [91merror[0m[90m TS2695: [0mLeft side of comma operator is unused and has no side effects.

[7m96[0m     product: async (_: any, { slug }: { slug: string }, context: Context) => {
[7m  [0m [91m             ~~~~~~~~~~~~~~~~~~~~~~~~~~~~~~~~~~~~~~~~~~~~~~~~~~~~~~~~~~~~~~~~~[0m
[96msrc/modules/product/graphql/resolver.ts[0m:[93m119[0m:[93m5[0m - [91merror[0m[90m TS2304: [0mCannot find name 'newProducts'.

[7m119[0m     newProducts: async (
[7m   [0m [91m    ~~~~~~~~~~~[0m
[96msrc/modules/product/graphql/resolver.ts[0m:[93m119[0m:[93m18[0m - [91merror[0m[90m TS2695: [0mLeft side of comma operator is unused and has no side effects.

[7m119[0m     newProducts: async (
[7m   [0m [91m                 ~~~~~~~[0m
[7m120[0m       _: any,
[7m   [0m [91m~~~~~~~~~~~~~[0m
[7m...[0m 
[7m122[0m       context: Context
[7m   [0m [91m~~~~~~~~~~~~~~~~~~~~~~[0m
[7m123[0m     ) => {
[7m   [0m [91m~~~~~~~~~~[0m
[96msrc/modules/product/graphql/resolver.ts[0m:[93m143[0m:[93m5[0m - [91merror[0m[90m TS2304: [0mCannot find name 'featuredProducts'.

[7m143[0m     featuredProducts: async (
[7m   [0m [91m    ~~~~~~~~~~~~~~~~[0m
[96msrc/modules/product/graphql/resolver.ts[0m:[93m143[0m:[93m23[0m - [91merror[0m[90m TS2695: [0mLeft side of comma operator is unused and has no side effects.

[7m143[0m     featuredProducts: async (
[7m   [0m [91m                      ~~~~~~~[0m
[7m144[0m       _: any,
[7m   [0m [91m~~~~~~~~~~~~~[0m
[7m...[0m 
[7m146[0m       context: Context
[7m   [0m [91m~~~~~~~~~~~~~~~~~~~~~~[0m
[7m147[0m     ) => {
[7m   [0m [91m~~~~~~~~~~[0m
[96msrc/modules/product/graphql/resolver.ts[0m:[93m167[0m:[93m5[0m - [91merror[0m[90m TS2304: [0mCannot find name 'trendingProducts'.

[7m167[0m     trendingProducts: async (
[7m   [0m [91m    ~~~~~~~~~~~~~~~~[0m
[96msrc/modules/product/graphql/resolver.ts[0m:[93m167[0m:[93m23[0m - [91merror[0m[90m TS2695: [0mLeft side of comma operator is unused and has no side effects.

[7m167[0m     trendingProducts: async (
[7m   [0m [91m                      ~~~~~~~[0m
[7m168[0m       _: any,
[7m   [0m [91m~~~~~~~~~~~~~[0m
[7m...[0m 
[7m170[0m       context: Context
[7m   [0m [91m~~~~~~~~~~~~~~~~~~~~~~[0m
[7m171[0m     ) => {
[7m   [0m [91m~~~~~~~~~~[0m
[96msrc/modules/product/graphql/resolver.ts[0m:[93m191[0m:[93m5[0m - [91merror[0m[90m TS2304: [0mCannot find name 'bestSellerProducts'.

[7m191[0m     bestSellerProducts: async (
[7m   [0m [91m    ~~~~~~~~~~~~~~~~~~[0m
[96msrc/modules/product/graphql/resolver.ts[0m:[93m191[0m:[93m25[0m - [91merror[0m[90m TS2695: [0mLeft side of comma operator is unused and has no side effects.

[7m191[0m     bestSellerProducts: async (
[7m   [0m [91m                        ~~~~~~~[0m
[7m192[0m       _: any,
[7m   [0m [91m~~~~~~~~~~~~~[0m
[7m...[0m 
[7m194[0m       context: Context
[7m   [0m [91m~~~~~~~~~~~~~~~~~~~~~~[0m
[7m195[0m     ) => {
[7m   [0m [91m~~~~~~~~~~[0m
[96msrc/modules/product/graphql/resolver.ts[0m:[93m215[0m:[93m5[0m - [91merror[0m[90m TS2304: [0mCannot find name 'categories'.

[7m215[0m     categories: async (_: any, __: any, context: Context) => {
[7m   [0m [91m    ~~~~~~~~~~[0m
[96msrc/modules/product/graphql/resolver.ts[0m:[93m215[0m:[93m17[0m - [91merror[0m[90m TS2695: [0mLeft side of comma operator is unused and has no side effects.

[7m215[0m     categories: async (_: any, __: any, context: Context) => {
[7m   [0m [91m                ~~~~~~~~~~~~~~~~~~~~~~~~~~~~~~~~~~~~~~~~~~~~~~[0m
[96msrc/modules/product/graphql/resolver.ts[0m:[93m95[0m:[93m6[0m - [91merror[0m[90m TS1128: [0mDeclaration or statement expected.

[7m95[0m     },
[7m  [0m [91m     ~[0m
[96msrc/modules/product/graphql/resolver.ts[0m:[93m119[0m:[93m16[0m - [91merror[0m[90m TS1005: [0m';' expected.

[7m119[0m     newProducts: async (
[7m   [0m [91m               ~[0m
[96msrc/modules/product/graphql/resolver.ts[0m:[93m143[0m:[93m21[0m - [91merror[0m[90m TS1005: [0m';' expected.

[7m143[0m     featuredProducts: async (
[7m   [0m [91m                    ~[0m
[96msrc/modules/product/graphql/resolver.ts[0m:[93m167[0m:[93m21[0m - [91merror[0m[90m TS1005: [0m';' expected.

[7m167[0m     trendingProducts: async (
[7m   [0m [91m                    ~[0m
[96msrc/modules/product/graphql/resolver.ts[0m:[93m191[0m:[93m23[0m - [91merror[0m[90m TS1005: [0m';' expected.

[7m191[0m     bestSellerProducts: async (
[7m   [0m [91m                      ~[0m
[96msrc/modules/product/graphql/resolver.ts[0m:[93m215[0m:[93m15[0m - [91merror[0m[90m TS1005: [0m';' expected.

[7m215[0m     categories: async (_: any, __: any, context: Context) => {
[7m   [0m [91m              ~[0m
[96msrc/modules/product/graphql/resolver.ts[0m:[93m226[0m:[93m3[0m - [91merror[0m[90m TS1109: [0mExpression expected.

[7m226[0m   },
[7m   [0m [91m  ~[0m
[96msrc/modules/product/graphql/resolver.ts[0m:[93m238[0m:[93m2[0m - [91merror[0m[90m TS1005: [0m',' expected.

[7m238[0m };
[7m   [0m [91m ~[0m
[96msrc/modules/product/graphql/resolver.ts[0m:[93m239[0m:[93m1[0m - [91merror[0m[90m TS1005: [0m'}' expected.

[7m239[0m 
[7m   [0m [91m[0m

  [96msrc/modules/product/graphql/resolver.ts[0m:[93m11[0m:[93m33[0m
    [7m11[0m export const productResolvers = {
    [7m  [0m [96m                                ~[0m
    The parser expected to find a '}' to match the '{' token here.

TSError: тип Unable to compile TypeScript:
[96msrc/modules/product/graphql/resolver.ts[0m:[93m18[0m:[93m9[0m - [91merror[0m[90m TS2741: [0mProperty 'flags' is missing in type '{}' but required in type '{ search?: string | undefined; isNew?: boolean | undefined; isFeatured?: boolean | undefined; isTrending?: boolean | undefined; isBestSeller?: boolean | undefined; minPrice?: number | undefined; maxPrice?: number | undefined; categoryId?: string | undefined; flags: string[]; }'.

[7m18[0m         filters = {},
[7m  [0m [91m        ~~~~~~~[0m

  [96msrc/modules/product/graphql/resolver.ts[0m:[93m31[0m:[93m11[0m
    [7m31[0m           flags: string[];
    [7m  [0m [96m          ~~~~~[0m
    'flags' is declared here.
[96msrc/modules/product/graphql/resolver.ts[0m:[93m96[0m:[93m14[0m - [91merror[0m[90m TS2695: [0mLeft side of comma operator is unused and has no side effects.

[7m96[0m     product: async (_: any, { slug }: { slug: string }, context: Context) => {
[7m  [0m [91m             ~~~~~~~~~~~~~~~~~~~~~~~~~~~~~~~~~~~~~~~~~~~~~~~~~~~~~~~~~~~~~~~~~[0m
[96msrc/modules/product/graphql/resolver.ts[0m:[93m119[0m:[93m5[0m - [91merror[0m[90m TS2304: [0mCannot find name 'newProducts'.

[7m119[0m     newProducts: async (
[7m   [0m [91m    ~~~~~~~~~~~[0m
[96msrc/modules/product/graphql/resolver.ts[0m:[93m119[0m:[93m18[0m - [91merror[0m[90m TS2695: [0mLeft side of comma operator is unused and has no side effects.

[7m119[0m     newProducts: async (
[7m   [0m [91m                 ~~~~~~~[0m
[7m120[0m       _: any,
[7m   [0m [91m~~~~~~~~~~~~~[0m
[7m...[0m 
[7m122[0m       context: Context
[7m   [0m [91m~~~~~~~~~~~~~~~~~~~~~~[0m
[7m123[0m     ) => {
[7m   [0m [91m~~~~~~~~~~[0m
[96msrc/modules/product/graphql/resolver.ts[0m:[93m143[0m:[93m5[0m - [91merror[0m[90m TS2304: [0mCannot find name 'featuredProducts'.

[7m143[0m     featuredProducts: async (
[7m   [0m [91m    ~~~~~~~~~~~~~~~~[0m
[96msrc/modules/product/graphql/resolver.ts[0m:[93m143[0m:[93m23[0m - [91merror[0m[90m TS2695: [0mLeft side of comma operator is unused and has no side effects.

[7m143[0m     featuredProducts: async (
[7m   [0m [91m                      ~~~~~~~[0m
[7m144[0m       _: any,
[7m   [0m [91m~~~~~~~~~~~~~[0m
[7m...[0m 
[7m146[0m       context: Context
[7m   [0m [91m~~~~~~~~~~~~~~~~~~~~~~[0m
[7m147[0m     ) => {
[7m   [0m [91m~~~~~~~~~~[0m
[96msrc/modules/product/graphql/resolver.ts[0m:[93m167[0m:[93m5[0m - [91merror[0m[90m TS2304: [0mCannot find name 'trendingProducts'.

[7m167[0m     trendingProducts: async (
[7m   [0m [91m    ~~~~~~~~~~~~~~~~[0m
[96msrc/modules/product/graphql/resolver.ts[0m:[93m167[0m:[93m23[0m - [91merror[0m[90m TS2695: [0mLeft side of comma operator is unused and has no side effects.

[7m167[0m     trendingProducts: async (
[7m   [0m [91m                      ~~~~~~~[0m
[7m168[0m       _: any,
[7m   [0m [91m~~~~~~~~~~~~~[0m
[7m...[0m 
[7m170[0m       context: Context
[7m   [0m [91m~~~~~~~~~~~~~~~~~~~~~~[0m
[7m171[0m     ) => {
[7m   [0m [91m~~~~~~~~~~[0m
[96msrc/modules/product/graphql/resolver.ts[0m:[93m191[0m:[93m5[0m - [91merror[0m[90m TS2304: [0mCannot find name 'bestSellerProducts'.

[7m191[0m     bestSellerProducts: async (
[7m   [0m [91m    ~~~~~~~~~~~~~~~~~~[0m
[96msrc/modules/product/graphql/resolver.ts[0m:[93m191[0m:[93m25[0m - [91merror[0m[90m TS2695: [0mLeft side of comma operator is unused and has no side effects.

[7m191[0m     bestSellerProducts: async (
[7m   [0m [91m                        ~~~~~~~[0m
[7m192[0m       _: any,
[7m   [0m [91m~~~~~~~~~~~~~[0m
[7m...[0m 
[7m194[0m       context: Context
[7m   [0m [91m~~~~~~~~~~~~~~~~~~~~~~[0m
[7m195[0m     ) => {
[7m   [0m [91m~~~~~~~~~~[0m
[96msrc/modules/product/graphql/resolver.ts[0m:[93m215[0m:[93m5[0m - [91merror[0m[90m TS2304: [0mCannot find name 'categories'.

[7m215[0m     categories: async (_: any, __: any, context: Context) => {
[7m   [0m [91m    ~~~~~~~~~~[0m
[96msrc/modules/product/graphql/resolver.ts[0m:[93m215[0m:[93m17[0m - [91merror[0m[90m TS2695: [0mLeft side of comma operator is unused and has no side effects.

[7m215[0m     categories: async (_: any, __: any, context: Context) => {
[7m   [0m [91m                ~~~~~~~~~~~~~~~~~~~~~~~~~~~~~~~~~~~~~~~~~~~~~~[0m
[96msrc/modules/product/graphql/resolver.ts[0m:[93m95[0m:[93m6[0m - [91merror[0m[90m TS1128: [0mDeclaration or statement expected.

[7m95[0m     },
[7m  [0m [91m     ~[0m
[96msrc/modules/product/graphql/resolver.ts[0m:[93m119[0m:[93m16[0m - [91merror[0m[90m TS1005: [0m';' expected.

[7m119[0m     newProducts: async (
[7m   [0m [91m               ~[0m
[96msrc/modules/product/graphql/resolver.ts[0m:[93m143[0m:[93m21[0m - [91merror[0m[90m TS1005: [0m';' expected.

[7m143[0m     featuredProducts: async (
[7m   [0m [91m                    ~[0m
[96msrc/modules/product/graphql/resolver.ts[0m:[93m167[0m:[93m21[0m - [91merror[0m[90m TS1005: [0m';' expected.

[7m167[0m     trendingProducts: async (
[7m   [0m [91m                    ~[0m
[96msrc/modules/product/graphql/resolver.ts[0m:[93m191[0m:[93m23[0m - [91merror[0m[90m TS1005: [0m';' expected.

[7m191[0m     bestSellerProducts: async (
[7m   [0m [91m                      ~[0m
[96msrc/modules/product/graphql/resolver.ts[0m:[93m215[0m:[93m15[0m - [91merror[0m[90m TS1005: [0m';' expected.

[7m215[0m     categories: async (_: any, __: any, context: Context) => {
[7m   [0m [91m              ~[0m
[96msrc/modules/product/graphql/resolver.ts[0m:[93m226[0m:[93m3[0m - [91merror[0m[90m TS1109: [0mExpression expected.

[7m226[0m   },
[7m   [0m [91m  ~[0m
[96msrc/modules/product/graphql/resolver.ts[0m:[93m238[0m:[93m2[0m - [91merror[0m[90m TS1005: [0m',' expected.

[7m238[0m };
[7m   [0m [91m ~[0m
[96msrc/modules/product/graphql/resolver.ts[0m:[93m239[0m:[93m1[0m - [91merror[0m[90m TS1005: [0m'}' expected.

[7m239[0m 
[7m   [0m [91m[0m

  [96msrc/modules/product/graphql/resolver.ts[0m:[93m11[0m:[93m33[0m
    [7m11[0m export const productResolvers = {
    [7m  [0m [96m                                ~[0m
    The parser expected to find a '}' to match the '{' token here.

    at createTSError (/home/abdelrahman_aboalkhair/Dev/workspace/ss-ecommerce/src/server/node_modules/ts-node/src/index.ts:859:12)
    at reportTSError (/home/abdelrahman_aboalkhair/Dev/workspace/ss-ecommerce/src/server/node_modules/ts-node/src/index.ts:863:19)
    at getOutput (/home/abdelrahman_aboalkhair/Dev/workspace/ss-ecommerce/src/server/node_modules/ts-node/src/index.ts:1077:36)
    at Object.compile (/home/abdelrahman_aboalkhair/Dev/workspace/ss-ecommerce/src/server/node_modules/ts-node/src/index.ts:1433:41)
    at Module.m._compile (/home/abdelrahman_aboalkhair/Dev/workspace/ss-ecommerce/src/server/node_modules/ts-node/src/index.ts:1617:30)
    at node:internal/modules/cjs/loader:1895:10
    at Object.require.extensions.<computed> [as .ts] (/home/abdelrahman_aboalkhair/Dev/workspace/ss-ecommerce/src/server/node_modules/ts-node/src/index.ts:1621:12)
    at Module.load (node:internal/modules/cjs/loader:1465:32)
    at Function._load (node:internal/modules/cjs/loader:1282:12)
    at TracingChannel.traceSync (node:diagnostics_channel:322:14)
    at wrapModuleLoad (node:internal/modules/cjs/loader:235:24)
    at Module.require (node:internal/modules/cjs/loader:1487:12)
    at require (node:internal/modules/helpers:135:16)
    at Object.<anonymous> (/home/abdelrahman_aboalkhair/Dev/workspace/ss-ecommerce/src/server/src/modules/product/graphql/schema.ts:3:1)
    at Module._compile (node:internal/modules/cjs/loader:1730:14)
    at Module.m._compile (/home/abdelrahman_aboalkhair/Dev/workspace/ss-ecommerce/src/server/node_modules/ts-node/src/index.ts:1618:23)
